#
# There is insufficient memory for the Java Runtime Environment to continue.
# Native memory allocation (mmap) failed to map 398458880 bytes for Failed to commit area from 0x0000000684e00000 to 0x000000069ca00000 of length 398458880.
# Possible reasons:
#   The system is out of physical RAM or swap space
#   The process is running with CompressedOops enabled, and the Java Heap may be blocking the growth of the native heap
# Possible solutions:
#   Reduce memory load on the system
#   Increase physical memory or swap space
#   Check if swap backing store is full
#   Decrease Java heap size (-Xmx/-Xms)
#   Decrease number of Java threads
#   Decrease Java thread stack sizes (-Xss)
#   Set larger code cache with -XX:ReservedCodeCacheSize=
# This output file may be truncated or incomplete.
#
#  Out of Memory Error (os_windows.cpp:3388), pid=21268, tid=15588
#
# JRE version:  (11.0.26+4) (build )
# Java VM: OpenJDK 64-Bit Server VM (11.0.26+4, mixed mode, sharing, tiered, compressed oops, g1 gc, windows-amd64)
# No core dump will be written. Minidumps are not enabled by default on client versions of Windows
#

---------------  S U M M A R Y ------------

Command Line: 

Host: AMD Ryzen 7 7435HS                             , 16 cores, 23G,  Windows 11 , 64 bit Build 26100 (10.0.26100.7309)
Time: Fri Dec  5 13:39:30 2025 India Standard Time elapsed time: 1.049417 seconds (0d 0h 0m 1s)

---------------  T H R E A D  ---------------

Current thread (0x000002136e092000):  JavaThread "Unknown thread" [_thread_in_vm, id=15588, stack(0x000000c756900000,0x000000c756a00000)]

Stack: [0x000000c756900000,0x000000c756a00000]
Native frames: (J=compiled Java code, j=interpreted, Vv=VM code, C=native code)
V  [jvm.dll+0x64485a]
V  [jvm.dll+0x7d7099]
V  [jvm.dll+0x7d8779]
V  [jvm.dll+0x7d8e73]
V  [jvm.dll+0x269095]
V  [jvm.dll+0x641a89]
V  [jvm.dll+0x636325]
V  [jvm.dll+0x32552d]
V  [jvm.dll+0x325392]
V  [jvm.dll+0x329fb6]
V  [jvm.dll+0x370fb0]
V  [jvm.dll+0x370a22]
V  [jvm.dll+0x300458]
V  [jvm.dll+0x301555]
V  [jvm.dll+0x7b05c7]
V  [jvm.dll+0x7b1d4f]
V  [jvm.dll+0x37e2a9]
V  [jvm.dll+0x7921ef]
V  [jvm.dll+0x3eeb67]
V  [jvm.dll+0x3f1061]
C  [jli.dll+0x52c0]
C  [ucrtbase.dll+0x37b0]
C  [KERNEL32.DLL+0x2e8d7]
C  [ntdll.dll+0x8c53c]


---------------  P R O C E S S  ---------------

Threads class SMR info:
_java_thread_list=0x000002136dc3be40, length=0, elements={
}

Java Threads: ( => current thread )

Other Threads:
  0x000002136e0a9800 GCTaskThread "GC Thread#0" [stack: 0x000000c756a00000,0x000000c756b00000] [id=19460]
  0x000002136e136800 ConcurrentGCThread "G1 Main Marker" [stack: 0x000000c756b00000,0x000000c756c00000] [id=19664]
  0x000002136e139800 ConcurrentGCThread "G1 Conc#0" [stack: 0x000000c756c00000,0x000000c756d00000] [id=2732]

[error occurred during error reporting (printing all threads), id 0xc0000005, EXCEPTION_ACCESS_VIOLATION (0xc0000005) at pc=0x00007ffbaf3912b7]

VM state:not at safepoint (not fully initialized)

VM Mutex/Monitor currently owned by a thread:  ([mutex/lock_event])
[0x000002136e090a40] Heap_lock - owner thread: 0x000002136e092000

Heap address: 0x0000000684e00000, size: 6066 MB, Compressed Oops mode: Non-zero based: 0x0000000684e00000
Narrow klass base: 0x0000000000000000, Narrow klass shift: 0

GC Heap History (0 events):
No events

Deoptimization events (0 events):
No events

Classes redefined (0 events):
No events

Internal exceptions (0 events):
No events

Events (1 events):
Event: 0.008 Loaded shared library C:\Users\sjdin\Downloads\OpenJDK11U-jdk_x64_windows_hotspot_11.0.26_4\jdk-11.0.26+4\bin\zip.dll


Dynamic libraries:
0x00007ff608d70000 - 0x00007ff608d7e000 	C:\Users\sjdin\Downloads\OpenJDK11U-jdk_x64_windows_hotspot_11.0.26_4\jdk-11.0.26+4\bin\java.exe
0x00007ffc0a460000 - 0x00007ffc0a6c7000 	C:\WINDOWS\SYSTEM32\ntdll.dll
0x00007ffc08c30000 - 0x00007ffc08cf9000 	C:\WINDOWS\System32\KERNEL32.DLL
0x00007ffc07e00000 - 0x00007ffc081ef000 	C:\WINDOWS\System32\KERNELBASE.dll
0x00007ffc075b0000 - 0x00007ffc076fb000 	C:\WINDOWS\System32\ucrtbase.dll
0x00007ffbbb040000 - 0x00007ffbbb05e000 	C:\Users\sjdin\Downloads\OpenJDK11U-jdk_x64_windows_hotspot_11.0.26_4\jdk-11.0.26+4\bin\VCRUNTIME140.dll
0x00007ffbb6380000 - 0x00007ffbb6397000 	C:\Users\sjdin\Downloads\OpenJDK11U-jdk_x64_windows_hotspot_11.0.26_4\jdk-11.0.26+4\bin\jli.dll
0x00007ffc0a130000 - 0x00007ffc0a2f5000 	C:\WINDOWS\System32\USER32.dll
0x00007ffc07700000 - 0x00007ffc07727000 	C:\WINDOWS\System32\win32u.dll
0x00007ffbedc70000 - 0x00007ffbedf03000 	C:\WINDOWS\WinSxS\amd64_microsoft.windows.common-controls_6595b64144ccf1df_6.0.26100.7309_none_3e05feeae336a044\COMCTL32.dll
0x00007ffc08430000 - 0x00007ffc0845b000 	C:\WINDOWS\System32\GDI32.dll
0x00007ffc09f20000 - 0x00007ffc09fc9000 	C:\WINDOWS\System32\msvcrt.dll
0x00007ffc07730000 - 0x00007ffc0785c000 	C:\WINDOWS\System32\gdi32full.dll
0x00007ffc07d50000 - 0x00007ffc07df3000 	C:\WINDOWS\System32\msvcp_win.dll
0x00007ffc08d00000 - 0x00007ffc08d31000 	C:\WINDOWS\System32\IMM32.DLL
0x00007ffbfe250000 - 0x00007ffbfe25c000 	C:\Users\sjdin\Downloads\OpenJDK11U-jdk_x64_windows_hotspot_11.0.26_4\jdk-11.0.26+4\bin\vcruntime140_1.dll
0x00007ffbafc50000 - 0x00007ffbafcdd000 	C:\Users\sjdin\Downloads\OpenJDK11U-jdk_x64_windows_hotspot_11.0.26_4\jdk-11.0.26+4\bin\msvcp140.dll
0x00007ffbaf080000 - 0x00007ffbafc43000 	C:\Users\sjdin\Downloads\OpenJDK11U-jdk_x64_windows_hotspot_11.0.26_4\jdk-11.0.26+4\bin\server\jvm.dll
0x00007ffc087f0000 - 0x00007ffc088a4000 	C:\WINDOWS\System32\ADVAPI32.dll
0x00007ffc08b70000 - 0x00007ffc08c16000 	C:\WINDOWS\System32\sechost.dll
0x00007ffc0a300000 - 0x00007ffc0a418000 	C:\WINDOWS\System32\RPCRT4.dll
0x00007ffc09ea0000 - 0x00007ffc09f14000 	C:\WINDOWS\System32\WS2_32.dll
0x00007ffc088c0000 - 0x00007ffc088c8000 	C:\WINDOWS\System32\PSAPI.DLL
0x00007ffbf9890000 - 0x00007ffbf98c5000 	C:\WINDOWS\SYSTEM32\WINMM.dll
0x00007ffbff900000 - 0x00007ffbff90b000 	C:\WINDOWS\SYSTEM32\VERSION.dll
0x00007ffc06320000 - 0x00007ffc0633b000 	C:\WINDOWS\SYSTEM32\kernel.appcore.dll
0x00007ffbeb2c0000 - 0x00007ffbeb2d0000 	C:\Users\sjdin\Downloads\OpenJDK11U-jdk_x64_windows_hotspot_11.0.26_4\jdk-11.0.26+4\bin\verify.dll
0x00007ffc04d10000 - 0x00007ffc04f52000 	C:\WINDOWS\SYSTEM32\DBGHELP.DLL
0x00007ffc08460000 - 0x00007ffc087e6000 	C:\WINDOWS\System32\combase.dll
0x00007ffc088d0000 - 0x00007ffc089a6000 	C:\WINDOWS\System32\OLEAUT32.dll
0x00007ffbe6de0000 - 0x00007ffbe6e1c000 	C:\WINDOWS\SYSTEM32\dbgcore.DLL
0x00007ffc07c10000 - 0x00007ffc07cb5000 	C:\WINDOWS\System32\bcryptPrimitives.dll
0x00007ffbb6350000 - 0x00007ffbb6378000 	C:\Users\sjdin\Downloads\OpenJDK11U-jdk_x64_windows_hotspot_11.0.26_4\jdk-11.0.26+4\bin\java.dll
0x00007ffbcd270000 - 0x00007ffbcd27a000 	C:\Users\sjdin\Downloads\OpenJDK11U-jdk_x64_windows_hotspot_11.0.26_4\jdk-11.0.26+4\bin\jimage.dll
0x00007ffbb52b0000 - 0x00007ffbb52c8000 	C:\Users\sjdin\Downloads\OpenJDK11U-jdk_x64_windows_hotspot_11.0.26_4\jdk-11.0.26+4\bin\zip.dll

dbghelp: loaded successfully - version: 4.0.5 - missing functions: none
symbol engine: initialized successfully - sym options: 0x614 - pdb path: .;C:\Users\sjdin\Downloads\OpenJDK11U-jdk_x64_windows_hotspot_11.0.26_4\jdk-11.0.26+4\bin;C:\WINDOWS\SYSTEM32;C:\WINDOWS\WinSxS\amd64_microsoft.windows.common-controls_6595b64144ccf1df_6.0.26100.7309_none_3e05feeae336a044;C:\Users\sjdin\Downloads\OpenJDK11U-jdk_x64_windows_hotspot_11.0.26_4\jdk-11.0.26+4\bin\server

VM Arguments:
java_command: <unknown>
java_class_path (initial): C:\Spark\jars\mysql-connector-j-9.1.0.jar
Launcher Type: SUN_STANDARD

[Global flags]
     intx CICompilerCount                          = 12                                        {product} {ergonomic}
     uint ConcGCThreads                            = 3                                         {product} {ergonomic}
     uint G1ConcRefinementThreads                  = 13                                        {product} {ergonomic}
   size_t G1HeapRegionSize                         = 1048576                                   {product} {ergonomic}
    uintx GCDrainStackTargetSize                   = 64                                        {product} {ergonomic}
   size_t InitialHeapSize                          = 398458880                                 {product} {ergonomic}
   size_t MarkStackSize                            = 4194304                                   {product} {ergonomic}
   size_t MaxHeapSize                              = 6360662016                                {product} {ergonomic}
   size_t MinHeapDeltaBytes                        = 1048576                                   {product} {ergonomic}
    uintx NonNMethodCodeHeapSize                   = 7594288                                {pd product} {ergonomic}
    uintx NonProfiledCodeHeapSize                  = 122031976                              {pd product} {ergonomic}
    uintx ProfiledCodeHeapSize                     = 122031976                              {pd product} {ergonomic}
    uintx ReservedCodeCacheSize                    = 251658240                              {pd product} {ergonomic}
     bool SegmentedCodeCache                       = true                                      {product} {ergonomic}
     bool UseCompressedClassPointers               = true                                 {lp64_product} {ergonomic}
     bool UseCompressedOops                        = true                                 {lp64_product} {ergonomic}
     bool UseG1GC                                  = true                                      {product} {ergonomic}
     bool UseLargePagesIndividualAllocation        = false                                  {pd product} {ergonomic}

Logging:
Log output configuration:
 #0: stdout all=warning uptime,level,tags
 #1: stderr all=off uptime,level,tags

Environment Variables:
JAVA_HOME=C:\Users\sjdin\Downloads\OpenJDK11U-jdk_x64_windows_hotspot_11.0.26_4\jdk-11.0.26+4
CLASSPATH=C:\Spark\jars\mysql-connector-j-9.1.0.jar
PATH=C:\Users\sjdin\Downloads\OpenJDK11U-jdk_x64_windows_hotspot_11.0.26_4\jdk-11.0.26+4\bin;C:\Program Files\Python310\Scripts\;C:\Program Files\Python310\;C:\Program Files\NVIDIA GPU Computing Toolkit\CUDA\v12.6\bin;C:\Program Files\NVIDIA GPU Computing Toolkit\CUDA\v12.6\libnvvp;C:\WINDOWS\system32;C:\WINDOWS\System32\Wbem;C:\WINDOWS\System32\WindowsPowerShell\v1.0\;C:\WINDOWS\System32\OpenSSH\;C:\Program Files (x86)\NVIDIA Corporation\PhysX\Common;C:\Program Files\NVIDIA Corporation\NVIDIA NvDLISR;C:\Program Files\Git\cmd;C:\Program Files\dotnet\;C:\Program Files\NVIDIA Corporation\Nsight Compute 2024.3.2\;C:\Program Files\ffmpeg\bin;C:\Program Files\ffmpeg\ffmpeg-7.1\bin;C:\Program Files (x86)\rustup-init.exe\bin;C:\ProgramData\chocolatey\bin;C:\Program Files\nodejs\;C:\ffmpeg\ffmpeg-7.1-essentials_build\bin;C:\Users\sjdin\Downloads\sqlite3;C:\Spark\spark-3.5.5-bin-hadoop3\bin;C:\HADOOP\bin;c:\Users\sjdin\AppData\Local\Programs\cursor\resources\app\bin;C:\Program Files\PostgreSQL\15\bin;C:\Program Files\MySQL\bin;C:\Program Files\MySQL\MySQL Server 8.0\bin;C:\Program Files\R\R-4.5.0\bin;C:\Users\sjdin\AppData\Roaming\Python\Python310\Scripts;C:\Program Files (x86)\Microsoft SQL Server\170\Tools\Binn\;C:\Program Files\Microsoft SQL Server\170\Tools\Binn\;C:\Program Files\Microsoft SQL Server\Client SDK\ODBC\180\Tools\Binn\;C:\Program Files\Microsoft SQL Server\170\DTS\Binn\;C:\Program Files\Amazon\AWSCLIV2\;C:\Program Files (x86)\Microsoft SQL Server\160\Tools\Binn\;C:\Program Files\Microsoft SQL Server\160\Tools\Binn\;C:\Program Files\Microsoft SQL Server\Client SDK\ODBC\170\Tools\Binn\;C:\Program Files\Microsoft SQL Server\160\DTS\Binn\;C:\Program Files\Java\jdk-21\bin;C:\Program Files\PuTTY\;;C:\Program Files\Docker\Docker\resources\bin;C:\Program Files\GitHub CLI\;C:\Program Files\cursor\resources\app\bin;C:\Program Files\MySQL\MySQL Shell 8.0\bin\;C:\Users\sjdin\Downloads\OpenJDK11U-jdk_x64_windows_hotspot_11.0.26_4\jdk-11.0.26+4\bin;C:\Users\sjdin\.cargo\bin;
USERNAME=Judy
OS=Windows_NT
PROCESSOR_IDENTIFIER=AMD64 Family 25 Model 68 Stepping 1, AuthenticAMD
TMP=C:\Users\sjdin\AppData\Local\Temp
TEMP=C:\Users\sjdin\AppData\Local\Temp



---------------  S Y S T E M  ---------------

OS: Windows 11 , 64 bit Build 26100 (10.0.26100.7309)
OS uptime: 0 days 0:18 hours
Hyper-V role detected

CPU:total 16 (initial active 16) (16 cores per cpu, 2 threads per core) family 25 model 68 stepping 1 microcode 0xa404105, cmov, cx8, fxsr, mmx, sse, sse2, sse3, ssse3, sse4.1, sse4.2, popcnt, avx, avx2, aes, clmul, erms, mmxext, 3dnowpref, lzcnt, sse4a, ht, tsc, tscinvbit, tscinv, bmi1, bmi2, adx, sha, fma

Memory: 4k page, system-wide physical 24260M (6632M free)
TotalPageFile size 24260M (AvailPageFile size 74M)
current process WorkingSet (physical memory assigned to process): 12M, peak: 12M
current process commit charge ("private bytes"): 72M, peak: 452M

vm_info: OpenJDK 64-Bit Server VM (11.0.26+4) for windows-amd64 JRE (11.0.26+4), built on Jan 22 2025 03:32:54 by "" with MS VC++ 17.7 (VS2022)

END.
